
=== Thu Feb 21 21:24:21 2019

Packages were changed.
Update Mode: updateDependencies

The following packages were added:
  com.unity.collab-proxy@1.2.15
The following packages were updated:
  com.unity.analytics from version 2.0.16 to 3.2.2
  com.unity.package-manager-ui from version 1.9.11 to 2.0.3
  com.unity.textmeshpro from version 1.2.4 to 1.3.0

=== Tue Mar 19 22:24:13 2019

Packages were changed.
Update Mode: updateDependencies

The following packages were updated:
  com.unity.package-manager-ui from version 2.0.3 to 2.0.7

=== Mon Apr 29 21:42:45 2019

Packages were changed.
Update Mode: updateDependencies

The following packages were added:
  com.unity.timeline@1.0.0
  com.unity.multiplayer-hlapi@1.0.2
  com.unity.xr.legacyinputhelpers@2.0.2
The following packages were updated:
  com.unity.analytics from version 3.2.2 to 3.3.2
  com.unity.collab-proxy from version 1.2.15 to 1.2.16
  com.unity.package-manager-ui from version 2.0.7 to 2.1.2
  com.unity.purchasing from version 2.0.3 to 2.0.6
  com.unity.textmeshpro from version 1.3.0 to 2.0.0

=== Thu Sep 12 22:50:55 2019

Packages were changed.
Update Mode: updateDependencies

The following packages were updated:
  com.unity.ide.vscode from version 1.0.7 to 1.1.0

=== Mon Oct  7 22:44:00 2019

Packages were changed.
Update Mode: updateDependencies

The following packages were updated:
  com.unity.ide.vscode from version 1.1.0 to 1.1.2

=== Tue Oct 29 21:47:46 2019

Packages were changed.
Update Mode: updateDependencies

The following packages were updated:
  com.unity.ide.vscode from version 1.1.0 to 1.1.2

=== Thu Dec  5 13:52:37 2019

Packages were changed.
Update Mode: updateDependencies

The following packages were updated:
  com.unity.ide.vscode from version 1.1.2 to 1.1.3

=== Thu Dec  5 21:36:37 2019

Packages were changed.
Update Mode: updateDependencies

The following packages were updated:
  com.unity.multiplayer-hlapi from version 1.0.2 to 1.0.4
  com.unity.test-framework from version 1.0.13 to 1.1.3
  com.unity.timeline from version 1.1.0 to 1.2.6
The following packages were removed:
  com.unity.package-manager-ui@2.2.0

=== Sun Dec 22 16:42:34 2019

Packages were changed.
Update Mode: updateDependencies

The following packages were updated:
  com.unity.ide.rider from version 1.1.0 to 1.1.4

=== Mon Jan 13 21:41:26 2020

Packages were changed.
Update Mode: updateDependencies

The following packages were updated:
  com.unity.analytics from version 3.3.2 to 3.3.4
  com.unity.test-framework from version 1.1.3 to 1.1.9
  com.unity.timeline from version 1.2.6 to 1.2.9

=== Tue Jan 28 17:39:45 2020

Packages were changed.
Update Mode: updateDependencies

The following packages were updated:
  com.unity.analytics from version 3.3.4 to 3.3.5
  com.unity.ide.vscode from version 1.1.3 to 1.1.4
  com.unity.timeline from version 1.2.9 to 1.2.10

=== Thu Feb 13 09:16:23 2020

Packages were changed.
Update Mode: updateDependencies

The following packages were updated:
  com.unity.test-framework from version 1.1.9 to 1.1.11

=== Sun Mar  1 22:32:24 2020

Packages were changed.
Update Mode: updateDependencies

The following packages were updated:
  com.unity.timeline from version 1.2.10 to 1.2.12

=== Tue Apr  7 22:27:42 2020

Packages were changed.
Update Mode: updateDependencies

The following packages were updated:
  com.unity.render-pipelines.lightweight from version 7.1.8 to 7.3.1
  com.unity.test-framework from version 1.1.11 to 1.1.13

=== Thu Apr  9 16:05:24 2020

Packages were changed.
Update Mode: updateDependencies

The following packages were updated:
  com.unity.2d.animation from version 3.1.1 to 3.2.1
  com.unity.2d.psdimporter from version 2.1.0 to 2.1.3

=== Mon Apr 20 09:36:22 2020

Packages were changed.
Update Mode: updateDependencies

The following packages were updated:
  com.unity.ads from version 2.0.8 to 3.4.4

=== Wed May  6 09:48:10 2020

Packages were changed.
Update Mode: updateDependencies

The following packages were updated:
  com.unity.ide.vscode from version 1.1.4 to 1.2.0
  com.unity.xr.legacyinputhelpers from version 2.0.2 to 2.1.3

=== Sun May 24 21:44:35 2020

Packages were changed.
Update Mode: updateDependencies

The following packages were updated:
  com.unity.2d.animation from version 3.2.1 to 3.2.2
  com.unity.2d.psdimporter from version 2.1.3 to 2.1.4
  com.unity.ads from version 3.4.4 to 3.4.5
  com.unity.test-framework from version 1.1.13 to 1.1.14

=== Fri May 29 20:54:05 2020

Packages were changed.
Update Mode: updateDependencies

The following packages were updated:
  com.unity.xr.legacyinputhelpers from version 2.1.3 to 2.1.4

=== Tue Jun  9 21:32:41 2020

Packages were changed.
Update Mode: updateDependencies

The following packages were updated:
  com.unity.multiplayer-hlapi from version 1.0.4 to 1.0.6

=== Fri Dec  1 09:51:23 2023

Packages were changed.
Update Mode: updateDependencies

The following packages were added:
  com.unity.ide.visualstudio@2.0.21
  com.unity.ai.navigation@1.1.5
The following packages were updated:
  com.unity.2d.animation from version 3.2.2 to 10.0.3
  com.unity.2d.pixel-perfect from version 2.0.4 to 5.0.3
  com.unity.2d.psdimporter from version 2.1.4 to 9.0.1
  com.unity.ads from version 3.4.5 to 4.4.2
  com.unity.analytics from version 3.3.5 to 3.8.1
  com.unity.cinemachine from version 2.5.0 to 2.9.5
  com.unity.collab-proxy from version 1.2.16 to 2.1.0
  com.unity.ext.nunit from version 1.0.0 to 2.0.3
  com.unity.ide.rider from version 1.1.4 to 3.0.25
  com.unity.inputsystem from version 1.0.0-preview.3 to 1.7.0
  com.unity.purchasing from version 2.0.6 to 4.9.3
  com.unity.render-pipelines.universal from version 7.3.1 to 15.0.7
  com.unity.test-framework from version 1.1.14 to 1.3.9
  com.unity.textmeshpro from version 2.0.1 to 3.0.6
  com.unity.timeline from version 1.2.12 to 1.8.2
  com.unity.xr.legacyinputhelpers from version 2.1.4 to 2.1.10
The following packages were removed:
  com.unity.2d.ik@2.0.0-preview.2
  com.unity.multiplayer-hlapi@1.0.6
